<?xml version="1.0"?>
<!DOCTYPE coverage SYSTEM "http://cobertura.sourceforge.net/xml/coverage-04.dtd">

<coverage line-rate="1.0" branch-rate="1.0" lines-covered="9" lines-valid="9" branches-covered="0" branches-valid="0" complexity="1.0" version="2.1.1" timestamp="1616765907511">
	<sources>
		<source>--source</source>
		<source>M:/Users/Massi/Desktop/Work/B3/MULOT/COURS/MavenDemo_Eclipse/src/main/java</source>
	</sources>
	<packages>
		<package name="com.mycompany.app" line-rate="1.0" branch-rate="1.0" complexity="1.0">
			<classes>
				<class name="com.mycompany.app.App" filename="com/mycompany/app/App.java" line-rate="1.0" branch-rate="1.0" complexity="1.0">
					<methods>
						<method name="&lt;init&gt;" signature="()V" line-rate="1.0" branch-rate="1.0" complexity="0">
							<lines>
								<line number="8" hits="4" branch="false"/>
								<line number="10" hits="8" branch="false"/>
								<line number="18" hits="6" branch="false"/>
							</lines>
						</method>
						<method name="getMessage" signature="()Ljava/lang/String;" line-rate="1.0" branch-rate="1.0" complexity="0">
							<lines>
								<line number="17" hits="2" branch="false"/>
								<line number="34" hits="3" branch="false"/>
							</lines>
						</method>
						<method name="main" signature="([Ljava/lang/String;)V" line-rate="1.0" branch-rate="1.0" complexity="0">
							<lines>
								<line number="13" hits="2" branch="false"/>
								<line number="14" hits="2" branch="false"/>
								<line number="25" hits="3" branch="false"/>
								<line number="26" hits="3" branch="false"/>
							</lines>
						</method>
					</methods>
					<lines>
						<line number="8" hits="4" branch="false"/>
						<line number="10" hits="8" branch="false"/>
						<line number="13" hits="2" branch="false"/>
						<line number="14" hits="2" branch="false"/>
						<line number="17" hits="2" branch="false"/>
						<line number="18" hits="6" branch="false"/>
						<line number="25" hits="3" branch="false"/>
						<line number="26" hits="3" branch="false"/>
						<line number="34" hits="3" branch="false"/>
					</lines>
				</class>
			</classes>
		</package>
	</packages>
</coverage>
